  D:freeglut.dll
  D:glew32.dll
  D:glew32s.dll
  3 File(s) copied
  D:glfw3.dll
  D:glfw3dll.dll
  D:glfw3_mt.dll
  D:SDL2.dll
  4 File(s) copied
  D:SOIL.dll
  1 File(s) copied
  main.cpp
D:\folder faculta\anul 3\sem 2\grafica pe calculator\proiect\proiect 2d\main.cpp(157,37): warning C4244: 'argument': conversion from 'GLdouble' to 'GLfloat', possible loss of data
D:\folder faculta\anul 3\sem 2\grafica pe calculator\proiect\proiect 2d\main.cpp(157,19): warning C4244: 'argument': conversion from 'GLdouble' to 'GLfloat', possible loss of data
D:\folder faculta\anul 3\sem 2\grafica pe calculator\proiect\proiect 2d\main.cpp(168,26): warning C4305: 'argument': truncation from 'double' to 'GLfloat'
D:\folder faculta\anul 3\sem 2\grafica pe calculator\proiect\proiect 2d\main.cpp(175,17): warning C4244: 'argument': conversion from 'float' to 'GLint', possible loss of data
D:\folder faculta\anul 3\sem 2\grafica pe calculator\proiect\proiect 2d\main.cpp(175,13): warning C4244: 'argument': conversion from 'float' to 'GLint', possible loss of data
D:\folder faculta\anul 3\sem 2\grafica pe calculator\proiect\proiect 2d\main.cpp(176,17): warning C4244: 'argument': conversion from 'float' to 'GLint', possible loss of data
D:\folder faculta\anul 3\sem 2\grafica pe calculator\proiect\proiect 2d\main.cpp(176,13): warning C4244: 'argument': conversion from 'float' to 'GLint', possible loss of data
D:\folder faculta\anul 3\sem 2\grafica pe calculator\proiect\proiect 2d\main.cpp(236,27): warning C4305: 'argument': truncation from 'double' to 'GLfloat'
D:\folder faculta\anul 3\sem 2\grafica pe calculator\proiect\proiect 2d\main.cpp(238,26): warning C4305: 'argument': truncation from 'double' to 'GLfloat'
D:\folder faculta\anul 3\sem 2\grafica pe calculator\proiect\proiect 2d\main.cpp(276,27): warning C4305: 'argument': truncation from 'double' to 'GLfloat'
D:\folder faculta\anul 3\sem 2\grafica pe calculator\proiect\proiect 2d\main.cpp(392,26): warning C4305: 'argument': truncation from 'double' to 'GLfloat'
D:\folder faculta\anul 3\sem 2\grafica pe calculator\proiect\proiect 2d\main.cpp(447,26): warning C4305: 'argument': truncation from 'double' to 'GLfloat'
D:\folder faculta\anul 3\sem 2\grafica pe calculator\proiect\proiect 2d\main.cpp(474,26): warning C4305: 'argument': truncation from 'double' to 'GLfloat'
D:\folder faculta\anul 3\sem 2\grafica pe calculator\proiect\proiect 2d\main.cpp(567,25): warning C4305: 'argument': truncation from 'double' to 'GLfloat'
D:\folder faculta\anul 3\sem 2\grafica pe calculator\proiect\proiect 2d\main.cpp(573,25): warning C4305: 'argument': truncation from 'double' to 'GLfloat'
D:\folder faculta\anul 3\sem 2\grafica pe calculator\proiect\proiect 2d\main.cpp(579,28): warning C4305: 'argument': truncation from 'double' to 'GLfloat'
D:\folder faculta\anul 3\sem 2\grafica pe calculator\proiect\proiect 2d\main.cpp(585,25): warning C4305: 'argument': truncation from 'double' to 'GLfloat'
D:\folder faculta\anul 3\sem 2\grafica pe calculator\proiect\proiect 2d\main.cpp(591,28): warning C4305: 'argument': truncation from 'double' to 'GLfloat'
D:\folder faculta\anul 3\sem 2\grafica pe calculator\proiect\proiect 2d\main.cpp(597,25): warning C4305: 'argument': truncation from 'double' to 'GLfloat'
D:\folder faculta\anul 3\sem 2\grafica pe calculator\proiect\proiect 2d\main.cpp(603,28): warning C4305: 'argument': truncation from 'double' to 'GLfloat'
D:\folder faculta\anul 3\sem 2\grafica pe calculator\proiect\proiect 2d\main.cpp(609,25): warning C4305: 'argument': truncation from 'double' to 'GLfloat'
D:\folder faculta\anul 3\sem 2\grafica pe calculator\proiect\proiect 2d\main.cpp(615,28): warning C4305: 'argument': truncation from 'double' to 'GLfloat'
D:\folder faculta\anul 3\sem 2\grafica pe calculator\proiect\proiect 2d\main.cpp(621,25): warning C4305: 'argument': truncation from 'double' to 'GLfloat'
D:\folder faculta\anul 3\sem 2\grafica pe calculator\proiect\proiect 2d\main.cpp(627,28): warning C4305: 'argument': truncation from 'double' to 'GLfloat'
D:\folder faculta\anul 3\sem 2\grafica pe calculator\proiect\proiect 2d\main.cpp(636,31): warning C4305: 'argument': truncation from 'double' to 'GLfloat'
D:\folder faculta\anul 3\sem 2\grafica pe calculator\proiect\proiect 2d\main.cpp(638,26): warning C4305: 'argument': truncation from 'double' to 'GLfloat'
D:\folder faculta\anul 3\sem 2\grafica pe calculator\proiect\proiect 2d\main.cpp(675,26): warning C4305: 'argument': truncation from 'double' to 'GLfloat'
D:\folder faculta\anul 3\sem 2\grafica pe calculator\proiect\proiect 2d\main.cpp(733,31): warning C4305: 'argument': truncation from 'double' to 'GLfloat'
D:\folder faculta\anul 3\sem 2\grafica pe calculator\proiect\proiect 2d\main.cpp(735,26): warning C4305: 'argument': truncation from 'double' to 'GLfloat'
D:\folder faculta\anul 3\sem 2\grafica pe calculator\proiect\proiect 2d\main.cpp(820,26): warning C4305: 'argument': truncation from 'double' to 'GLfloat'
D:\folder faculta\anul 3\sem 2\grafica pe calculator\proiect\proiect 2d\main.cpp(918,26): warning C4305: 'argument': truncation from 'double' to 'GLfloat'
D:\folder faculta\anul 3\sem 2\grafica pe calculator\proiect\proiect 2d\main.cpp(948,26): warning C4305: 'argument': truncation from 'double' to 'GLfloat'
D:\folder faculta\anul 3\sem 2\grafica pe calculator\proiect\proiect 2d\main.cpp(1007,20): warning C4244: '=': conversion from 'double' to 'GLfloat', possible loss of data
D:\folder faculta\anul 3\sem 2\grafica pe calculator\proiect\proiect 2d\main.cpp(1013,20): warning C4244: '=': conversion from 'double' to 'GLfloat', possible loss of data
D:\folder faculta\anul 3\sem 2\grafica pe calculator\proiect\proiect 2d\main.cpp(1018,20): warning C4244: '=': conversion from 'double' to 'GLfloat', possible loss of data
D:\folder faculta\anul 3\sem 2\grafica pe calculator\proiect\proiect 2d\main.cpp(1023,20): warning C4244: '=': conversion from 'double' to 'GLfloat', possible loss of data
D:\folder faculta\anul 3\sem 2\grafica pe calculator\proiect\proiect 2d\main.cpp(1028,20): warning C4244: '=': conversion from 'double' to 'GLfloat', possible loss of data
  proiect 2d.vcxproj -> D:\folder faculta\anul 3\sem 2\grafica pe calculator\proiect\proiect 2d\Debug\proiect 2d.exe
  0 File(s) copied
  0 File(s) copied
